2026-07-09 13:10:58,724 - __main__ - INFO - Starting polling...
2026-07-09 13:10:58,724 - __main__ - INFO - Bot starting up...
2026-07-09 13:10:58,981 - __main__ - INFO - Bot started successfully
2026-07-09 13:10:58,981 - aiogram.dispatcher - INFO - Start polling
2026-07-09 13:10:59,360 - aiogram.dispatcher - INFO - Run polling for bot @Shuedjxbuziejebdbot id=8884825131 - 'Тест'
2026-07-09 13:11:03,929 - aiogram.event - INFO - Update id=981714352 is not handled. Duration 9 ms by bot id=8884825131
2026-07-09 13:11:03,929 - aiogram.event - ERROR - Cause exception while process update id=981714352 by bot id=8884825131
TypeError: object NoneType can't be used in 'await' expression
Traceback (most recent call last):
  File "C:\Users\yesna\Dev\stars_bot\.venv\Lib\site-packages\aiogram\dispatcher\dispatcher.py", line 320, in _process_update
    response = await self.feed_update(bot, update, **kwargs)
               ^^^^^^^^^^^^^^^^^^^^^^^^^^^^^^^^^^^^^^^^^^^^^
  File "C:\Users\yesna\Dev\stars_bot\.venv\Lib\site-packages\aiogram\dispatcher\dispatcher.py", line 164, in feed_update
    response = await self.update.wrap_outer_middleware(
               ^^^^^^^^^^^^^^^^^^^^^^^^^^^^^^^^^^^^^^^^
    ...<7 lines>...
    )
    ^
  File "C:\Users\yesna\Dev\stars_bot\.venv\Lib\site-packages\aiogram\dispatcher\middlewares\error.py", line 27, in __call__
    return await handler(event, data)
           ^^^^^^^^^^^^^^^^^^^^^^^^^^
  File "C:\Users\yesna\Dev\stars_bot\.venv\Lib\site-packages\aiogram\dispatcher\middlewares\user_context.py", line 58, in __call__
    return await handler(event, data)
           ^^^^^^^^^^^^^^^^^^^^^^^^^^
  File "C:\Users\yesna\Dev\stars_bot\.venv\Lib\site-packages\aiogram\fsm\middleware.py", line 43, in __call__
    return await handler(event, data)
           ^^^^^^^^^^^^^^^^^^^^^^^^^^
  File "C:\Users\yesna\Dev\stars_bot\.venv\Lib\site-packages\aiogram\dispatcher\event\telegram.py", line 126, in trigger
    return await wrapped_inner(event, kwargs)
           ^^^^^^^^^^^^^^^^^^^^^^^^^^^^^^^^^^
  File "C:\Users\yesna\Dev\stars_bot\bot\middlewares\db_session.py", line 22, in __call__
    return await handler(event, data)
           ^^^^^^^^^^^^^^^^^^^^^^^^^^
  File "C:\Users\yesna\Dev\stars_bot\.venv\Lib\site-packages\aiogram\dispatcher\event\handler.py", line 71, in call
    return await wrapped()
           ^^^^^^^^^^^^^^^
  File "C:\Users\yesna\Dev\stars_bot\.venv\Lib\site-packages\aiogram\dispatcher\dispatcher.py", line 283, in _listen_update
    return await self.propagate_event(update_type=update_type, event=event, **kwargs)
           ^^^^^^^^^^^^^^^^^^^^^^^^^^^^^^^^^^^^^^^^^^^^^^^^^^^^^^^^^^^^^^^^^^^^^^^^^^
  File "C:\Users\yesna\Dev\stars_bot\.venv\Lib\site-packages\aiogram\dispatcher\router.py", line 165, in propagate_event
    return await observer.wrap_outer_middleware(_wrapped, event=event, data=kwargs)
           ^^^^^^^^^^^^^^^^^^^^^^^^^^^^^^^^^^^^^^^^^^^^^^^^^^^^^^^^^^^^^^^^^^^^^^^^
  File "C:\Users\yesna\Dev\stars_bot\.venv\Lib\site-packages\aiogram\dispatcher\router.py", line 157, in _wrapped
    return await self._propagate_event(
           ^^^^^^^^^^^^^^^^^^^^^^^^^^^^
    ...<4 lines>...
    )
    ^
  File "C:\Users\yesna\Dev\stars_bot\.venv\Lib\site-packages\aiogram\dispatcher\router.py", line 193, in _propagate_event
    response = await router.propagate_event(update_type=update_type, event=event, **kwargs)
               ^^^^^^^^^^^^^^^^^^^^^^^^^^^^^^^^^^^^^^^^^^^^^^^^^^^^^^^^^^^^^^^^^^^^^^^^^^^^
  File "C:\Users\yesna\Dev\stars_bot\.venv\Lib\site-packages\aiogram\dispatcher\router.py", line 165, in propagate_event
    return await observer.wrap_outer_middleware(_wrapped, event=event, data=kwargs)
           ^^^^^^^^^^^^^^^^^^^^^^^^^^^^^^^^^^^^^^^^^^^^^^^^^^^^^^^^^^^^^^^^^^^^^^^^
  File "C:\Users\yesna\Dev\stars_bot\.venv\Lib\site-packages\aiogram\dispatcher\router.py", line 157, in _wrapped
    return await self._propagate_event(
           ^^^^^^^^^^^^^^^^^^^^^^^^^^^^
    ...<4 lines>...
    )
    ^
  File "C:\Users\yesna\Dev\stars_bot\.venv\Lib\site-packages\aiogram\dispatcher\router.py", line 185, in _propagate_event
    response = await observer.trigger(event, **kwargs)
               ^^^^^^^^^^^^^^^^^^^^^^^^^^^^^^^^^^^^^^^
  File "C:\Users\yesna\Dev\stars_bot\.venv\Lib\site-packages\aiogram\dispatcher\event\telegram.py", line 126, in trigger
    return await wrapped_inner(event, kwargs)
           ^^^^^^^^^^^^^^^^^^^^^^^^^^^^^^^^^^
  File "C:\Users\yesna\Dev\stars_bot\.venv\Lib\site-packages\aiogram\dispatcher\event\handler.py", line 71, in call
    return await wrapped()
           ^^^^^^^^^^^^^^^
  File "C:\Users\yesna\Dev\stars_bot\bot\handlers\user\start.py", line 14, in start_handler
    user = await get_or_create_user(session, user_id)
           ^^^^^^^^^^^^^^^^^^^^^^^^^^^^^^^^^^^^^^^^^^
  File "C:\Users\yesna\Dev\stars_bot\database\repositories\user_repositories.py", line 16, in get_or_create_user
    await session.add(user)
TypeError: object NoneType can't be used in 'await' expression
2026-07-09 13:12:07,011 - aiogram.dispatcher - INFO - Polling stopped
2026-07-09 13:12:07,011 - __main__ - INFO - Bot shutting down...
2026-07-09 13:12:07,011 - aiogram.dispatcher - ERROR - Failed to fetch updates - TelegramNetworkError: HTTP Client says - ServerDisconnectedError: Server disconnected
2026-07-09 13:12:07,011 - aiogram.dispatcher - WARNING - Sleep for 1.000000 seconds and try again... (tryings = 0, bot id = 8884825131)
2026-07-09 13:12:07,276 - __main__ - INFO - Bot stopped
2026-07-09 13:12:07,277 - aiogram.dispatcher - INFO - Polling stopped for bot @Shuedjxbuziejebdbot id=8884825131 - 'Тест'
2026-07-09 13:12:10,107 - __main__ - INFO - Starting polling...
2026-07-09 13:12:10,107 - __main__ - INFO - Bot starting up...
2026-07-09 13:12:10,273 - __main__ - INFO - Bot started successfully
2026-07-09 13:12:10,273 - aiogram.dispatcher - INFO - Start polling
2026-07-09 13:12:10,301 - aiogram.dispatcher - INFO - Run polling for bot @Shuedjxbuziejebdbot id=8884825131 - 'Тест'
2026-07-09 13:12:11,486 - aiogram.event - INFO - Update id=981714353 is handled. Duration 162 ms by bot id=8884825131
2026-07-09 13:12:16,831 - aiogram.event - INFO - Update id=981714354 is handled. Duration 150 ms by bot id=8884825131
2026-07-09 13:12:24,168 - aiogram.event - INFO - Update id=981714355 is handled. Duration 83 ms by bot id=8884825131
2026-07-09 13:12:25,378 - aiogram.event - INFO - Update id=981714356 is handled. Duration 82 ms by bot id=8884825131
2026-07-09 13:12:26,166 - aiogram.event - INFO - Update id=981714357 is handled. Duration 79 ms by bot id=8884825131
2026-07-09 13:12:26,921 - aiogram.event - INFO - Update id=981714358 is handled. Duration 80 ms by bot id=8884825131
2026-07-09 13:12:27,726 - aiogram.event - INFO - Update id=981714359 is handled. Duration 84 ms by bot id=8884825131
2026-07-09 13:12:28,625 - aiogram.event - INFO - Update id=981714360 is handled. Duration 105 ms by bot id=8884825131
2026-07-09 13:12:29,453 - aiogram.event - INFO - Update id=981714361 is handled. Duration 79 ms by bot id=8884825131
2026-07-09 13:12:30,190 - aiogram.event - INFO - Update id=981714362 is handled. Duration 129 ms by bot id=8884825131
2026-07-09 13:12:32,889 - aiogram.event - INFO - Update id=981714363 is handled. Duration 91 ms by bot id=8884825131
2026-07-09 13:12:53,015 - aiogram.event - INFO - Update id=981714364 is not handled. Duration 0 ms by bot id=8884825131
2026-07-09 13:13:11,938 - aiogram.event - INFO - Update id=981714365 is handled. Duration 85 ms by bot id=8884825131
2026-07-09 13:13:12,006 - aiogram.event - INFO - Update id=981714366 is handled. Duration 152 ms by bot id=8884825131
2026-07-09 13:13:12,082 - aiogram.event - INFO - Update id=981714367 is handled. Duration 115 ms by bot id=8884825131
2026-07-09 13:13:12,103 - aiogram.event - INFO - Update id=981714369 is not handled. Duration 0 ms by bot id=8884825131
2026-07-09 13:13:12,181 - aiogram.event - INFO - Update id=981714368 is handled. Duration 109 ms by bot id=8884825131
2026-07-09 13:13:12,309 - aiogram.event - INFO - Update id=981714370 is handled. Duration 82 ms by bot id=8884825131
2026-07-09 13:13:12,419 - aiogram.event - INFO - Update id=981714371 is handled. Duration 100 ms by bot id=8884825131
2026-07-09 13:13:12,547 - aiogram.event - INFO - Update id=981714372 is handled. Duration 147 ms by bot id=8884825131
2026-07-09 13:13:12,585 - aiogram.event - INFO - Update id=981714373 is handled. Duration 153 ms by bot id=8884825131
2026-07-09 13:13:12,667 - aiogram.event - INFO - Update id=981714374 is handled. Duration 181 ms by bot id=8884825131
2026-07-09 13:13:12,712 - aiogram.event - INFO - Update id=981714375 is handled. Duration 95 ms by bot id=8884825131
